<?xml version='1.0' encoding='UTF-8'?>
<testsuite hostname="Logans-MBP" name="UnitTest" tests="3" errors="0" failures="0" skipped="0" time="1.591" timestamp="2026-05-02T00:23:11">
                     <properties>
[...]
</properties>
                     <testcase classname="UnitTest" name="simpleCheck" time="0.032">
                                                 
                                               </testcase><testcase classname="UnitTest" name="testAsync" time="1.557">
                                                 
                                               </testcase><testcase classname="UnitTest" name="testCount" time="0.002">
                                                 
                                               </testcase>
                     <system-out><![CDATA[]]></system-out>
                     <system-err><![CDATA[]]></system-err>
                   </testsuite>